1703329946,,,/home/fffai/Videos/2023-06-15 00-42-12.mp4,55
1703330070,,,/home/fffai/Videos/2023-06-15 00-42-12.mp4,55
1703330083,,,/home/fffai/Videos/2023-06-15 00-42-12.mp4,55
1703780943,,,/home/fffai/Videos/Replay 2023-12-28 18-22-21.mp4,62
1703781772,,,/home/fffai/Videos/Replay 2023-12-28 18-22-21.mp4,62
1704558900,,,/home/fffai/Videos/Replay 2023-12-28 18-22-21.mp4,62
1704558907,,,/home/fffai/Videos/Replay 2023-12-28 18-26-15.mp4,62
1704558910,,,/home/fffai/Videos/Replay 2023-12-28 18-26-15.mp4,62
1704658120,,,/home/fffai/Documents/blender/Blender 4.0 Donut/video0001-0300.mp4,79
1704658124,,,/home/fffai/Documents/blender/Blender 4.0 Donut/render/0001.png,76
1704658128,,,/home/fffai/Documents/blender/Blender 4.0 Donut/render/0002.png,76
1704658130,,,/home/fffai/Documents/blender/Blender 4.0 Donut/render/0003.png,76
1704658139,,,/home/fffai/Documents/blender/Blender 4.0 Donut/render/0004.png,76
1704658140,,,/home/fffai/Documents/blender/Blender 4.0 Donut/render/0005.png,76
1704658142,,,/home/fffai/Documents/blender/Blender 4.0 Donut/render/0006.png,76
1704658143,,,/home/fffai/Documents/blender/Blender 4.0 Donut/render/0007.png,76
1704658144,,,/home/fffai/Documents/blender/Blender 4.0 Donut/render/0008.png,76
1704658144,,,/home/fffai/Documents/blender/Blender 4.0 Donut/video0001-0300.mp4,79
1704658149,,,/home/fffai/Documents/blender/Blender 4.0 Donut/video0001-0300.mp4,79
1704658164,,,/home/fffai/Documents/blender/Blender 4.0 Donut/render/0001.png,76
1705148334,,,/home/fffai/Videos/lastmomentsofshnaggya.mp4,57
1710874273,,,/home/fffai/Videos/ssstwitter.com_1710609474755.mp4,64
1710874288,,,/home/fffai/Videos/ssstwitter.com_1710609474755.mp4,64
1710874366,,,/home/fffai/Videos/ssstwitter.com_1710609474755.mp4,64
